<?xml version="1.0" encoding="UTF-8"?>
<!-- Generated by org.testng.reporters.JUnitReportReporter -->
<testsuite hostname="naresh-PC" name="com.testcases.LoginTest" tests="2" failures="0" timestamp="30 May 2019 06:58:52 GMT" time="23.822" errors="0">
  <testcase name="loginpagevalidationTest" time="15.366" classname="com.testcases.LoginTest"/>
  <testcase name="logintesttest" time="8.456" classname="com.testcases.LoginTest"/>
</testsuite> <!-- com.testcases.LoginTest -->
